{
  "stats": {
    "suites": 1,
    "tests": 1,
    "passes": 1,
    "pending": 0,
    "failures": 0,
    "start": "2022-08-30T20:03:44.044Z",
    "end": "2022-08-30T20:03:44.615Z",
    "duration": 571,
    "testsRegistered": 1,
    "passPercent": 100,
    "pendingPercent": 0,
    "other": 0,
    "hasOther": false,
    "skipped": 0,
    "hasSkipped": false
  },
  "results": [
    {
      "uuid": "c7cf18a9-44ad-4f0e-b147-b78c3aec2a7e",
      "title": "",
      "fullFile": "cypress/integration/backend/Login.js",
      "file": "cypress/integration/backend/Login.js",
      "beforeHooks": [],
      "afterHooks": [],
      "tests": [],
      "suites": [
        {
          "uuid": "da74ee27-de6a-49c9-bd37-fdbb4efe68be",
          "title": "Realizar Login",
          "fullFile": "",
          "file": "",
          "beforeHooks": [],
          "afterHooks": [],
          "tests": [
            {
              "title": "Deve realizar o login",
              "fullTitle": "Realizar Login Deve realizar o login",
              "timedOut": null,
              "duration": 546,
              "state": "passed",
              "speed": "fast",
              "pass": true,
              "fail": false,
              "pending": false,
              "context": null,
              "code": "cy.fixture('info').then(info => {\n  cy.realizarLogin(info).then(resp => {\n    expect(resp.body).to.have.property(\"message\");\n    expect(resp.body).to.have.property(\"authorization\");\n    console.log(cy.validarContrato(resp, 'POST', '200'));\n  });\n});",
              "err": {},
              "uuid": "4bc3be6b-3956-45d8-b41f-fd06e2883ac2",
              "parentUUID": "da74ee27-de6a-49c9-bd37-fdbb4efe68be",
              "isHook": false,
              "skipped": false
            }
          ],
          "suites": [],
          "passes": [
            "4bc3be6b-3956-45d8-b41f-fd06e2883ac2"
          ],
          "failures": [],
          "pending": [],
          "skipped": [],
          "duration": 546,
          "root": false,
          "rootEmpty": false,
          "_timeout": 2000
        }
      ],
      "passes": [],
      "failures": [],
      "pending": [],
      "skipped": [],
      "duration": 0,
      "root": true,
      "rootEmpty": true,
      "_timeout": 2000
    }
  ],
  "meta": {
    "mocha": {
      "version": "7.0.1"
    },
    "mochawesome": {
      "options": {
        "quiet": false,
        "reportFilename": "mochawesome",
        "saveHtml": false,
        "saveJson": true,
        "consoleReporter": "spec",
        "useInlineDiffs": false,
        "code": true
      },
      "version": "7.1.3"
    },
    "marge": {
      "options": {
        "reportDir": "cypress/report/mochawesome-report",
        "overwrite": false,
        "html": false,
        "json": true,
        "timestamp": "yyyymmdd_HHMMss",
        "cdn": true,
        "charts": true,
        "video": false
      },
      "version": "6.2.0"
    }
  }
}