{
  "stats": {
    "suites": 1,
    "tests": 1,
    "passes": 1,
    "pending": 0,
    "failures": 0,
    "start": "2022-08-30T19:57:46.800Z",
    "end": "2022-08-30T19:57:47.472Z",
    "duration": 672,
    "testsRegistered": 1,
    "passPercent": 100,
    "pendingPercent": 0,
    "other": 0,
    "hasOther": false,
    "skipped": 0,
    "hasSkipped": false
  },
  "results": [
    {
      "uuid": "fc6e0411-efda-48a7-8ae3-e795172a7851",
      "title": "",
      "fullFile": "cypress/integration/backend/Login.js",
      "file": "cypress/integration/backend/Login.js",
      "beforeHooks": [],
      "afterHooks": [],
      "tests": [],
      "suites": [
        {
          "uuid": "996f687f-6ca9-46d6-b8de-3be36b5fc3ff",
          "title": "Realizar Login",
          "fullFile": "",
          "file": "",
          "beforeHooks": [],
          "afterHooks": [],
          "tests": [
            {
              "title": "Deve realizar o login",
              "fullTitle": "Realizar Login Deve realizar o login",
              "timedOut": null,
              "duration": 605,
              "state": "passed",
              "speed": "fast",
              "pass": true,
              "fail": false,
              "pending": false,
              "context": null,
              "code": "cy.fixture('info').then(info => {\n  cy.realizarLogin(info).then(resp => {\n    expect(resp.body).to.have.property(\"message\");\n    expect(resp.body).to.have.property(\"authorization\");\n    console.log(cy.validarContrato(resp, 'POST', '200'));\n  });\n});",
              "err": {},
              "uuid": "d4fd8f9c-b872-4015-9380-f925412253d0",
              "parentUUID": "996f687f-6ca9-46d6-b8de-3be36b5fc3ff",
              "isHook": false,
              "skipped": false
            }
          ],
          "suites": [],
          "passes": [
            "d4fd8f9c-b872-4015-9380-f925412253d0"
          ],
          "failures": [],
          "pending": [],
          "skipped": [],
          "duration": 605,
          "root": false,
          "rootEmpty": false,
          "_timeout": 2000
        }
      ],
      "passes": [],
      "failures": [],
      "pending": [],
      "skipped": [],
      "duration": 0,
      "root": true,
      "rootEmpty": true,
      "_timeout": 2000
    }
  ],
  "meta": {
    "mocha": {
      "version": "7.0.1"
    },
    "mochawesome": {
      "options": {
        "quiet": false,
        "reportFilename": "mochawesome",
        "saveHtml": false,
        "saveJson": true,
        "consoleReporter": "spec",
        "useInlineDiffs": false,
        "code": true
      },
      "version": "7.1.3"
    },
    "marge": {
      "options": {
        "reportDir": "cypress/report/mochawesome-report",
        "overwrite": false,
        "html": false,
        "json": true,
        "timestamp": "yyyymmdd_HHMMss",
        "cdn": true,
        "charts": true
      },
      "version": "6.2.0"
    }
  }
}